[INFO] 2025-08-09 09:38:12,243 line 53, in <module>, session_id=59cd94806a074a319c442742244fe019: アプリが起動されました。
[INFO] 2025-08-09 09:38:27,191 line 98, in <module>, session_id=59cd94806a074a319c442742244fe019: {'message': '社員の育成方針に関するMTGの議事録', 'application_mode': '社内文書検索'}
[INFO] 2025-08-09 09:38:32,435 line 142, in <module>, session_id=59cd94806a074a319c442742244fe019: {'message': {'mode': '社内文書検索', 'main_message': '入力内容に関する情報は、以下のファイルに含まれている可能性があります。', 'main_file_path': './data\\MTG議事録\\教育\\教育ミーティング議事録.docx', 'sub_message': 'その他、ファイルありかの候補を提示します。', 'sub_choices': [{'source': './data\\MTG議事録\\採用\\採用ミーティング議事録.docx'}, {'source': './data\\MTG議事録\\全社\\全社ミーティング議事録.docx'}]}, 'application_mode': '社内文書検索'}
[INFO] 2025-08-09 09:38:49,771 line 98, in <module>, session_id=59cd94806a074a319c442742244fe019: {'message': '人事部に所属している従業員情報を一覧化して', 'application_mode': '社内問い合わせ'}
[INFO] 2025-08-09 09:38:56,855 line 142, in <module>, session_id=59cd94806a074a319c442742244fe019: {'message': {'mode': '社内問い合わせ', 'answer': '回答に必要な情報が見つかりませんでした。'}, 'application_mode': '社内問い合わせ'}
[INFO] 2025-08-09 09:39:17,869 line 98, in <module>, session_id=59cd94806a074a319c442742244fe019: {'message': '全社ミーティング議事録の要約', 'application_mode': '社内問い合わせ'}
[INFO] 2025-08-09 09:39:34,682 line 142, in <module>, session_id=59cd94806a074a319c442742244fe019: {'message': {'mode': '社内問い合わせ', 'answer': '### 全社ミーティング議事録の要約\n\n1. **基本情報**\n   - **ミーティング名称**: 全社ミーティング\n   - **日時**: 2024年1月XX日 15:00 - 17:00\n   - **場所**: オンライン（Zoom）\n   - **出席者**: 鈴木和也（CEO）、佐藤健太（経営陣）、中村美咲（マーケティング部門）、田中亮（営業部門）\n   - **欠席者**: なし\n   - **議事録作成者**: 中村美咲\n\n2. **アジェンダ**\n   - アイスブレイク\n   - 経営陣からのメッセージ\n   - 組織のビジョンと進捗状況\n   - 各部門の成功事例共有\n   - 課題と次のステップ\n   - 新たなビジネス戦略とプロジェクト紹介\n   - 今後の計画と目標\n   - 優秀な社員およびチームの表彰\n   - 質疑応答および感謝の言葉\n\n3. **議題ごとの記録**\n   - **アイスブレイク**: 最近の出来事を共有し、参加者間の交流を深めた。\n   - **経営陣からのメッセージ**: 鈴木和也が業績の順調さと全社員の努力に感謝し、さらなる成長に向けたビジョンを共有。\n   - **組織のビジョンと進捗状況**: 業界のリーダーとして最高の顧客体験を提供するビジョンと、新プロジェクトの立ち上げ、顧客満足度の向上について報告。\n   - **各部門の成功事例共有**: 各部門からの成功事例が共有され、今後の取り組みに活かすことが確認された。\n\nこのように、全社ミーティングでは経営陣からのメッセージや組織のビジョン、各部門の成功事例が中心に議論され、今後の計画と目標が確認されました。', 'message': '情報源', 'file_info_list': ['./data\\MTG議事録\\全社\\全社ミーティング議事録.docx', './data\\MTG議事録\\教育\\教育ミーティング議事録.docx', './data\\MTG議事録\\開発\\開発ミーティング議事録.docx']}, 'application_mode': '社内問い合わせ'}
[INFO] 2025-08-09 10:14:16,462 line 45, in <module>, session_id=8693ed6c5f00467e85b4444151d9f0bc: アプリが起動されました。
[INFO] 2025-08-09 10:15:39,812 line 42, in <module>, session_id=e93a1597be154d38a73ff475f053b64b: アプリが起動されました。
[INFO] 2025-08-09 10:15:55,318 line 87, in <module>, session_id=e93a1597be154d38a73ff475f053b64b: {'message': '社員の育成方針に関するMTGの議事録', 'application_mode': '社内文書検索'}
[INFO] 2025-08-09 10:15:57,513 line 131, in <module>, session_id=e93a1597be154d38a73ff475f053b64b: {'message': {'mode': '社内文書検索', 'main_message': '入力内容に関する情報は、以下のファイルに含まれている可能性があります。', 'main_file_path': './data\\MTG議事録\\教育\\教育ミーティング議事録.docx', 'sub_message': 'その他、ファイルありかの候補を提示します。', 'sub_choices': [{'source': './data\\MTG議事録\\採用\\採用ミーティング議事録.docx'}, {'source': './data\\MTG議事録\\全社\\全社ミーティング議事録.docx'}, {'source': './data\\MTG議事録\\開発\\開発ミーティング議事録.docx'}]}, 'application_mode': '社内文書検索'}
[INFO] 2025-08-09 10:17:53,019 line 42, in <module>, session_id=4d0e70cebb43448fb0be0cce1519c824: アプリが起動されました。
[INFO] 2025-08-09 10:19:45,746 line 42, in <module>, session_id=9ee10c2baa054d6687c9e14f5a74d55b: アプリが起動されました。
[INFO] 2025-08-09 10:21:34,631 line 42, in <module>, session_id=62cbcfacd41b4d028a4a0ad5291c7fc2: アプリが起動されました。
[INFO] 2025-08-09 10:26:07,238 line 42, in <module>, session_id=fdff6f86bef649478d314a447ef6dc70: アプリが起動されました。
[INFO] 2025-08-09 10:26:19,757 line 102, in <module>, session_id=fdff6f86bef649478d314a447ef6dc70: {'message': '人事部に所属している従業員情報を一覧化して', 'application_mode': '社内文書検索'}
[INFO] 2025-08-09 10:26:21,952 line 146, in <module>, session_id=fdff6f86bef649478d314a447ef6dc70: {'message': {'mode': '社内文書検索', 'answer': '\n    入力内容と関連する社内文書が見つかりませんでした。\n\n    入力内容を変更してください。\n', 'no_file_path_flg': True}, 'application_mode': '社内文書検索'}
[INFO] 2025-08-09 10:26:30,707 line 102, in <module>, session_id=fdff6f86bef649478d314a447ef6dc70: {'message': '人事部に所属している従業員情報を一覧化して', 'application_mode': '社内問い合わせ'}
[INFO] 2025-08-09 10:26:37,204 line 146, in <module>, session_id=fdff6f86bef649478d314a447ef6dc70: {'message': {'mode': '社内問い合わせ', 'answer': '回答に必要な情報が見つかりませんでした。'}, 'application_mode': '社内問い合わせ'}
[INFO] 2025-08-09 10:28:27,429 line 42, in <module>, session_id=84a9122a160b4470a8a7597d40d9ad02: アプリが起動されました。
[INFO] 2025-08-09 10:29:31,310 line 42, in <module>, session_id=aaf3060454af4224892456a395fea4ac: アプリが起動されました。
